2014/10/04 07:59:23 [error] [php] Undefined variable: data (C:\Program Files\xampp\htdocs\ab\protected\views\abiturSpec\admin.php:80)
Stack trace:
#0 C:\Program Files\xampp\htdocs\framework\web\CController.php(869): AbiturSpecController->renderFile()
#1 C:\Program Files\xampp\htdocs\framework\web\CController.php(782): AbiturSpecController->renderPartial()
#2 C:\Program Files\xampp\htdocs\ab\protected\controllers\AbiturSpecController.php(143): AbiturSpecController->render()
#3 C:\Program Files\xampp\htdocs\framework\web\actions\CInlineAction.php(49): AbiturSpecController->actionAdmin()
#4 C:\Program Files\xampp\htdocs\framework\web\CController.php(308): CInlineAction->runWithParams()
#5 C:\Program Files\xampp\htdocs\framework\web\filters\CFilterChain.php(133): AbiturSpecController->runAction()
#6 C:\Program Files\xampp\htdocs\framework\web\filters\CFilter.php(40): CFilterChain->run()
#7 C:\Program Files\xampp\htdocs\framework\web\CController.php(1145): CAccessControlFilter->filter()
#8 C:\Program Files\xampp\htdocs\framework\web\filters\CInlineFilter.php(58): AbiturSpecController->filterAccessControl()
#9 C:\Program Files\xampp\htdocs\framework\web\filters\CFilterChain.php(130): CInlineFilter->filter()
#10 C:\Program Files\xampp\htdocs\framework\web\CController.php(291): CFilterChain->run()
#11 C:\Program Files\xampp\htdocs\framework\web\CController.php(265): AbiturSpecController->runActionWithFilters()
#12 C:\Program Files\xampp\htdocs\framework\web\CWebApplication.php(282): AbiturSpecController->run()
#13 C:\Program Files\xampp\htdocs\framework\web\CWebApplication.php(141): CWebApplication->runController()
#14 C:\Program Files\xampp\htdocs\framework\base\CApplication.php(180): CWebApplication->processRequest()
#15 C:\Program Files\xampp\htdocs\ab\index.php(13): CWebApplication->run()
REQUEST_URI=/ab/index.php?r=abiturSpec/admin
in C:\Program Files\xampp\htdocs\ab\protected\views\abiturSpec\admin.php (80)
in C:\Program Files\xampp\htdocs\ab\protected\controllers\AbiturSpecController.php (143)
in C:\Program Files\xampp\htdocs\ab\index.php (13)
2014/10/04 08:19:35 [error] [exception.CHttpException.404] exception 'CHttpException' with message 'Невозможно обработать запрос "article/showarticle/1".' in C:\Program Files\xampp\htdocs\framework\web\CWebApplication.php:286
Stack trace:
#0 C:\Program Files\xampp\htdocs\framework\web\CWebApplication.php(141): CWebApplication->runController('article/showart...')
#1 C:\Program Files\xampp\htdocs\framework\base\CApplication.php(180): CWebApplication->processRequest()
#2 C:\Program Files\xampp\htdocs\ab\index.php(13): CApplication->run()
#3 {main}
REQUEST_URI=/ab/index.php?r=article/showarticle/1
HTTP_REFERER=http://localhost/ab/index.php?r=abiturSpec/admin
---
2014/10/04 08:25:23 [error] [exception.CException] exception 'CException' with message 'Не определено свойство "TblAbitur.Name".' in C:\Program Files\xampp\htdocs\framework\base\CComponent.php:130
Stack trace:
#0 C:\Program Files\xampp\htdocs\framework\db\ar\CActiveRecord.php(145): CComponent->__get('Name')
#1 C:\Program Files\xampp\htdocs\ab\protected\models\TblAbitur.php(115): CActiveRecord->__get('Name')
#2 C:\Program Files\xampp\htdocs\framework\base\CComponent.php(612) : eval()'d code(1): TblAbitur::getAbiturNameFromID('1')
#3 C:\Program Files\xampp\htdocs\framework\base\CComponent.php(612): eval()
#4 C:\Program Files\xampp\htdocs\framework\zii\widgets\grid\CDataColumn.php(137): CComponent->evaluateExpression('TblAbitur::getA...', Array)
#5 C:\Program Files\xampp\htdocs\framework\zii\widgets\grid\CGridColumn.php(151): CDataColumn->renderDataCellContent(0, Object(AbiturSpec))
#6 C:\Program Files\xampp\htdocs\framework\zii\widgets\grid\CGridView.php(616): CGridColumn->renderDataCell(0)
#7 C:\Program Files\xampp\htdocs\framework\zii\widgets\grid\CGridView.php(572): CGridView->renderTableRow(0)
#8 C:\Program Files\xampp\htdocs\framework\zii\widgets\grid\CGridView.php(482): CGridView->renderTableBody()
#9 C:\Program Files\xampp\htdocs\framework\zii\widgets\CBaseListView.php(167): CGridView->renderItems()
#10 [internal function]: CBaseListView->renderSection(Array)
#11 C:\Program Files\xampp\htdocs\framework\zii\widgets\CBaseListView.php(150): preg_replace_callback('/{(\\w+)}/', Array, '{summary}\n{item...')
#12 C:\Program Files\xampp\htdocs\framework\zii\widgets\CBaseListView.php(135): CBaseListView->renderContent()
#13 C:\Program Files\xampp\htdocs\framework\web\CBaseController.php(173): CBaseListView->run()
#14 C:\Program Files\xampp\htdocs\ab\protected\views\abiturSpec\admin.php(121): CBaseController->widget('zii.widgets.gri...', Array)
#15 C:\Program Files\xampp\htdocs\framework\web\CBaseController.php(126): require('C:\\Program File...')
#16 C:\Program Files\xampp\htdocs\framework\web\CBaseController.php(95): CBaseController->renderInternal('C:\\Program File...', Array, true)
#17 C:\Program Files\xampp\htdocs\framework\web\CController.php(869): CBaseController->renderFile('C:\\Program File...', Array, true)
#18 C:\Program Files\xampp\htdocs\framework\web\CController.php(782): CController->renderPartial('admin', Array, true)
#19 C:\Program Files\xampp\htdocs\ab\protected\controllers\AbiturSpecController.php(143): CController->render('admin', Array)
#20 C:\Program Files\xampp\htdocs\framework\web\actions\CInlineAction.php(49): AbiturSpecController->actionAdmin()
#21 C:\Program Files\xampp\htdocs\framework\web\CController.php(308): CInlineAction->runWithParams(Array)
#22 C:\Program Files\xampp\htdocs\framework\web\filters\CFilterChain.php(133): CController->runAction(Object(CInlineAction))
#23 C:\Program Files\xampp\htdocs\framework\web\filters\CFilter.php(40): CFilterChain->run()
#24 C:\Program Files\xampp\htdocs\framework\web\CController.php(1145): CFilter->filter(Object(CFilterChain))
#25 C:\Program Files\xampp\htdocs\framework\web\filters\CInlineFilter.php(58): CController->filterAccessControl(Object(CFilterChain))
#26 C:\Program Files\xampp\htdocs\framework\web\filters\CFilterChain.php(130): CInlineFilter->filter(Object(CFilterChain))
#27 C:\Program Files\xampp\htdocs\framework\web\CController.php(291): CFilterChain->run()
#28 C:\Program Files\xampp\htdocs\framework\web\CController.php(265): CController->runActionWithFilters(Object(CInlineAction), Array)
#29 C:\Program Files\xampp\htdocs\framework\web\CWebApplication.php(282): CController->run('admin')
#30 C:\Program Files\xampp\htdocs\framework\web\CWebApplication.php(141): CWebApplication->runController('abiturSpec/admi...')
#31 C:\Program Files\xampp\htdocs\framework\base\CApplication.php(180): CWebApplication->processRequest()
#32 C:\Program Files\xampp\htdocs\ab\index.php(13): CApplication->run()
#33 {main}
REQUEST_URI=/ab/index.php?r=abiturSpec/admin
HTTP_REFERER=http://localhost/ab/index.php?r=abiturSpec/view&id=3
---
2014/10/04 08:44:04 [error] [exception.CException] exception 'CException' with message 'Не определено свойство "AbiturSpec.Специальность".' in C:\Program Files\xampp\htdocs\framework\base\CComponent.php:130
Stack trace:
#0 C:\Program Files\xampp\htdocs\framework\db\ar\CActiveRecord.php(145): CComponent->__get('\xD0\xA1\xD0\xBF\xD0\xB5\xD1\x86\xD0\xB8\xD0\xB0\xD0\xBB\xD1...')
#1 C:\Program Files\xampp\htdocs\framework\web\helpers\CHtml.php(2529): CActiveRecord->__get('\xD0\xA1\xD0\xBF\xD0\xB5\xD1\x86\xD0\xB8\xD0\xB0\xD0\xBB\xD1...')
#2 C:\Program Files\xampp\htdocs\framework\web\helpers\CHtml.php(1802): CHtml::resolveValue(Object(AbiturSpec), '\xD0\xA1\xD0\xBF\xD0\xB5\xD1\x86\xD0\xB8\xD0\xB0\xD0\xBB\xD1...')
#3 C:\Program Files\xampp\htdocs\framework\zii\widgets\grid\CDataColumn.php(101): CHtml::activeDropDownList(Object(AbiturSpec), '\xD0\xA1\xD0\xBF\xD0\xB5\xD1\x86\xD0\xB8\xD0\xB0\xD0\xBB\xD1...', Array, Array)
#4 C:\Program Files\xampp\htdocs\framework\zii\widgets\grid\CGridColumn.php(116): CDataColumn->renderFilterCellContent()
#5 C:\Program Files\xampp\htdocs\framework\zii\widgets\grid\CGridView.php(532): CGridColumn->renderFilterCell()
#6 C:\Program Files\xampp\htdocs\framework\zii\widgets\grid\CGridView.php(510): CGridView->renderFilter()
#7 C:\Program Files\xampp\htdocs\framework\zii\widgets\grid\CGridView.php(480): CGridView->renderTableHeader()
#8 C:\Program Files\xampp\htdocs\framework\zii\widgets\CBaseListView.php(167): CGridView->renderItems()
#9 [internal function]: CBaseListView->renderSection(Array)
#10 C:\Program Files\xampp\htdocs\framework\zii\widgets\CBaseListView.php(150): preg_replace_callback('/{(\\w+)}/', Array, '{summary}\n{item...')
#11 C:\Program Files\xampp\htdocs\framework\zii\widgets\CBaseListView.php(135): CBaseListView->renderContent()
#12 C:\Program Files\xampp\htdocs\framework\web\CBaseController.php(173): CBaseListView->run()
#13 C:\Program Files\xampp\htdocs\ab\protected\views\abiturSpec\admin.php(135): CBaseController->widget('zii.widgets.gri...', Array)
#14 C:\Program Files\xampp\htdocs\framework\web\CBaseController.php(126): require('C:\\Program File...')
#15 C:\Program Files\xampp\htdocs\framework\web\CBaseController.php(95): CBaseController->renderInternal('C:\\Program File...', Array, true)
#16 C:\Program Files\xampp\htdocs\framework\web\CController.php(869): CBaseController->renderFile('C:\\Program File...', Array, true)
#17 C:\Program Files\xampp\htdocs\framework\web\CController.php(782): CController->renderPartial('admin', Array, true)
#18 C:\Program Files\xampp\htdocs\ab\protected\controllers\AbiturSpecController.php(143): CController->render('admin', Array)
#19 C:\Program Files\xampp\htdocs\framework\web\actions\CInlineAction.php(49): AbiturSpecController->actionAdmin()
#20 C:\Program Files\xampp\htdocs\framework\web\CController.php(308): CInlineAction->runWithParams(Array)
#21 C:\Program Files\xampp\htdocs\framework\web\filters\CFilterChain.php(133): CController->runAction(Object(CInlineAction))
#22 C:\Program Files\xampp\htdocs\framework\web\filters\CFilter.php(40): CFilterChain->run()
#23 C:\Program Files\xampp\htdocs\framework\web\CController.php(1145): CFilter->filter(Object(CFilterChain))
#24 C:\Program Files\xampp\htdocs\framework\web\filters\CInlineFilter.php(58): CController->filterAccessControl(Object(CFilterChain))
#25 C:\Program Files\xampp\htdocs\framework\web\filters\CFilterChain.php(130): CInlineFilter->filter(Object(CFilterChain))
#26 C:\Program Files\xampp\htdocs\framework\web\CController.php(291): CFilterChain->run()
#27 C:\Program Files\xampp\htdocs\framework\web\CController.php(265): CController->runActionWithFilters(Object(CInlineAction), Array)
#28 C:\Program Files\xampp\htdocs\framework\web\CWebApplication.php(282): CController->run('admin')
#29 C:\Program Files\xampp\htdocs\framework\web\CWebApplication.php(141): CWebApplication->runController('abiturSpec/admi...')
#30 C:\Program Files\xampp\htdocs\framework\base\CApplication.php(180): CWebApplication->processRequest()
#31 C:\Program Files\xampp\htdocs\ab\index.php(13): CApplication->run()
#32 {main}
REQUEST_URI=/ab/index.php?r=abiturSpec/admin
HTTP_REFERER=http://localhost/ab/index.php?r=abiturSpec/create
---
2014/10/04 09:18:13 [error] [php] Missing argument 3 for CActiveForm::dropDownList(), called in C:\Program Files\xampp\htdocs\ab\protected\views\abiturSpec\_form.php on line 25 and defined (C:\Program Files\xampp\htdocs\framework\web\widgets\CActiveForm.php:845)
Stack trace:
#0 C:\Program Files\xampp\htdocs\framework\web\CBaseController.php(95): AbiturSpecController->renderInternal()
#1 C:\Program Files\xampp\htdocs\framework\web\CController.php(869): AbiturSpecController->renderFile()
#2 C:\Program Files\xampp\htdocs\ab\protected\views\abiturSpec\create.php(18): AbiturSpecController->renderPartial()
#3 C:\Program Files\xampp\htdocs\framework\web\CBaseController.php(126): require()
#4 C:\Program Files\xampp\htdocs\framework\web\CBaseController.php(95): AbiturSpecController->renderInternal()
#5 C:\Program Files\xampp\htdocs\framework\web\CController.php(869): AbiturSpecController->renderFile()
#6 C:\Program Files\xampp\htdocs\framework\web\CController.php(782): AbiturSpecController->renderPartial()
#7 C:\Program Files\xampp\htdocs\ab\protected\controllers\AbiturSpecController.php(79): AbiturSpecController->render()
#8 C:\Program Files\xampp\htdocs\framework\web\actions\CInlineAction.php(49): AbiturSpecController->actionCreate()
#9 C:\Program Files\xampp\htdocs\framework\web\CController.php(308): CInlineAction->runWithParams()
#10 C:\Program Files\xampp\htdocs\framework\web\filters\CFilterChain.php(133): AbiturSpecController->runAction()
#11 C:\Program Files\xampp\htdocs\framework\web\filters\CFilter.php(40): CFilterChain->run()
#12 C:\Program Files\xampp\htdocs\framework\web\CController.php(1145): CAccessControlFilter->filter()
#13 C:\Program Files\xampp\htdocs\framework\web\filters\CInlineFilter.php(58): AbiturSpecController->filterAccessControl()
#14 C:\Program Files\xampp\htdocs\framework\web\filters\CFilterChain.php(130): CInlineFilter->filter()
#15 C:\Program Files\xampp\htdocs\framework\web\CController.php(291): CFilterChain->run()
#16 C:\Program Files\xampp\htdocs\framework\web\CController.php(265): AbiturSpecController->runActionWithFilters()
#17 C:\Program Files\xampp\htdocs\framework\web\CWebApplication.php(282): AbiturSpecController->run()
#18 C:\Program Files\xampp\htdocs\framework\web\CWebApplication.php(141): CWebApplication->runController()
#19 C:\Program Files\xampp\htdocs\framework\base\CApplication.php(180): CWebApplication->processRequest()
#20 C:\Program Files\xampp\htdocs\ab\index.php(13): CWebApplication->run()
REQUEST_URI=/ab/index.php?r=abiturSpec/create
in C:\Program Files\xampp\htdocs\ab\protected\views\abiturSpec\_form.php (25)
in C:\Program Files\xampp\htdocs\ab\protected\views\abiturSpec\create.php (18)
in C:\Program Files\xampp\htdocs\ab\protected\controllers\AbiturSpecController.php (79)
2014/10/04 09:23:17 [error] [php] Undefined variable: select (C:\Program Files\xampp\htdocs\ab\protected\views\abiturSpec\_form.php:25)
Stack trace:
#0 C:\Program Files\xampp\htdocs\framework\web\CController.php(869): AbiturSpecController->renderFile()
#1 C:\Program Files\xampp\htdocs\ab\protected\views\abiturSpec\create.php(18): AbiturSpecController->renderPartial()
#2 C:\Program Files\xampp\htdocs\framework\web\CBaseController.php(126): require()
#3 C:\Program Files\xampp\htdocs\framework\web\CBaseController.php(95): AbiturSpecController->renderInternal()
#4 C:\Program Files\xampp\htdocs\framework\web\CController.php(869): AbiturSpecController->renderFile()
#5 C:\Program Files\xampp\htdocs\framework\web\CController.php(782): AbiturSpecController->renderPartial()
#6 C:\Program Files\xampp\htdocs\ab\protected\controllers\AbiturSpecController.php(79): AbiturSpecController->render()
#7 C:\Program Files\xampp\htdocs\framework\web\actions\CInlineAction.php(49): AbiturSpecController->actionCreate()
#8 C:\Program Files\xampp\htdocs\framework\web\CController.php(308): CInlineAction->runWithParams()
#9 C:\Program Files\xampp\htdocs\framework\web\filters\CFilterChain.php(133): AbiturSpecController->runAction()
#10 C:\Program Files\xampp\htdocs\framework\web\filters\CFilter.php(40): CFilterChain->run()
#11 C:\Program Files\xampp\htdocs\framework\web\CController.php(1145): CAccessControlFilter->filter()
#12 C:\Program Files\xampp\htdocs\framework\web\filters\CInlineFilter.php(58): AbiturSpecController->filterAccessControl()
#13 C:\Program Files\xampp\htdocs\framework\web\filters\CFilterChain.php(130): CInlineFilter->filter()
#14 C:\Program Files\xampp\htdocs\framework\web\CController.php(291): CFilterChain->run()
#15 C:\Program Files\xampp\htdocs\framework\web\CController.php(265): AbiturSpecController->runActionWithFilters()
#16 C:\Program Files\xampp\htdocs\framework\web\CWebApplication.php(282): AbiturSpecController->run()
#17 C:\Program Files\xampp\htdocs\framework\web\CWebApplication.php(141): CWebApplication->runController()
#18 C:\Program Files\xampp\htdocs\framework\base\CApplication.php(180): CWebApplication->processRequest()
#19 C:\Program Files\xampp\htdocs\ab\index.php(13): CWebApplication->run()
REQUEST_URI=/ab/index.php?r=abiturSpec/create
in C:\Program Files\xampp\htdocs\ab\protected\views\abiturSpec\_form.php (25)
in C:\Program Files\xampp\htdocs\ab\protected\views\abiturSpec\create.php (18)
in C:\Program Files\xampp\htdocs\ab\protected\controllers\AbiturSpecController.php (79)
2014/10/04 09:24:04 [error] [php] strpos() expects parameter 1 to be string, object given (C:\Program Files\xampp\htdocs\framework\web\helpers\CHtml.php:2477)
Stack trace:
#0 C:\Program Files\xampp\htdocs\framework\web\helpers\CHtml.php(1801): resolveNameID()
#1 C:\Program Files\xampp\htdocs\framework\web\widgets\CActiveForm.php(847): activeDropDownList()
#2 C:\Program Files\xampp\htdocs\ab\protected\views\abiturSpec\_form.php(25): CActiveForm->dropDownList()
#3 C:\Program Files\xampp\htdocs\framework\web\CBaseController.php(126): require()
#4 C:\Program Files\xampp\htdocs\framework\web\CBaseController.php(95): AbiturSpecController->renderInternal()
#5 C:\Program Files\xampp\htdocs\framework\web\CController.php(869): AbiturSpecController->renderFile()
#6 C:\Program Files\xampp\htdocs\ab\protected\views\abiturSpec\create.php(18): AbiturSpecController->renderPartial()
#7 C:\Program Files\xampp\htdocs\framework\web\CBaseController.php(126): require()
#8 C:\Program Files\xampp\htdocs\framework\web\CBaseController.php(95): AbiturSpecController->renderInternal()
#9 C:\Program Files\xampp\htdocs\framework\web\CController.php(869): AbiturSpecController->renderFile()
#10 C:\Program Files\xampp\htdocs\framework\web\CController.php(782): AbiturSpecController->renderPartial()
#11 C:\Program Files\xampp\htdocs\ab\protected\controllers\AbiturSpecController.php(79): AbiturSpecController->render()
#12 C:\Program Files\xampp\htdocs\framework\web\actions\CInlineAction.php(49): AbiturSpecController->actionCreate()
#13 C:\Program Files\xampp\htdocs\framework\web\CController.php(308): CInlineAction->runWithParams()
#14 C:\Program Files\xampp\htdocs\framework\web\filters\CFilterChain.php(133): AbiturSpecController->runAction()
#15 C:\Program Files\xampp\htdocs\framework\web\filters\CFilter.php(40): CFilterChain->run()
#16 C:\Program Files\xampp\htdocs\framework\web\CController.php(1145): CAccessControlFilter->filter()
#17 C:\Program Files\xampp\htdocs\framework\web\filters\CInlineFilter.php(58): AbiturSpecController->filterAccessControl()
#18 C:\Program Files\xampp\htdocs\framework\web\filters\CFilterChain.php(130): CInlineFilter->filter()
#19 C:\Program Files\xampp\htdocs\framework\web\CController.php(291): CFilterChain->run()
#20 C:\Program Files\xampp\htdocs\framework\web\CController.php(265): AbiturSpecController->runActionWithFilters()
#21 C:\Program Files\xampp\htdocs\framework\web\CWebApplication.php(282): AbiturSpecController->run()
#22 C:\Program Files\xampp\htdocs\framework\web\CWebApplication.php(141): CWebApplication->runController()
#23 C:\Program Files\xampp\htdocs\framework\base\CApplication.php(180): CWebApplication->processRequest()
#24 C:\Program Files\xampp\htdocs\ab\index.php(13): CWebApplication->run()
REQUEST_URI=/ab/index.php?r=abiturSpec/create
in C:\Program Files\xampp\htdocs\ab\protected\views\abiturSpec\_form.php (25)
in C:\Program Files\xampp\htdocs\ab\protected\views\abiturSpec\create.php (18)
in C:\Program Files\xampp\htdocs\ab\protected\controllers\AbiturSpecController.php (79)
2014/10/04 09:29:01 [error] [php] Missing argument 3 for CActiveForm::dropDownList(), called in C:\Program Files\xampp\htdocs\ab\protected\views\abiturSpec\_form.php on line 25 and defined (C:\Program Files\xampp\htdocs\framework\web\widgets\CActiveForm.php:845)
Stack trace:
#0 C:\Program Files\xampp\htdocs\framework\web\CBaseController.php(95): AbiturSpecController->renderInternal()
#1 C:\Program Files\xampp\htdocs\framework\web\CController.php(869): AbiturSpecController->renderFile()
#2 C:\Program Files\xampp\htdocs\ab\protected\views\abiturSpec\create.php(18): AbiturSpecController->renderPartial()
#3 C:\Program Files\xampp\htdocs\framework\web\CBaseController.php(126): require()
#4 C:\Program Files\xampp\htdocs\framework\web\CBaseController.php(95): AbiturSpecController->renderInternal()
#5 C:\Program Files\xampp\htdocs\framework\web\CController.php(869): AbiturSpecController->renderFile()
#6 C:\Program Files\xampp\htdocs\framework\web\CController.php(782): AbiturSpecController->renderPartial()
#7 C:\Program Files\xampp\htdocs\ab\protected\controllers\AbiturSpecController.php(79): AbiturSpecController->render()
#8 C:\Program Files\xampp\htdocs\framework\web\actions\CInlineAction.php(49): AbiturSpecController->actionCreate()
#9 C:\Program Files\xampp\htdocs\framework\web\CController.php(308): CInlineAction->runWithParams()
#10 C:\Program Files\xampp\htdocs\framework\web\filters\CFilterChain.php(133): AbiturSpecController->runAction()
#11 C:\Program Files\xampp\htdocs\framework\web\filters\CFilter.php(40): CFilterChain->run()
#12 C:\Program Files\xampp\htdocs\framework\web\CController.php(1145): CAccessControlFilter->filter()
#13 C:\Program Files\xampp\htdocs\framework\web\filters\CInlineFilter.php(58): AbiturSpecController->filterAccessControl()
#14 C:\Program Files\xampp\htdocs\framework\web\filters\CFilterChain.php(130): CInlineFilter->filter()
#15 C:\Program Files\xampp\htdocs\framework\web\CController.php(291): CFilterChain->run()
#16 C:\Program Files\xampp\htdocs\framework\web\CController.php(265): AbiturSpecController->runActionWithFilters()
#17 C:\Program Files\xampp\htdocs\framework\web\CWebApplication.php(282): AbiturSpecController->run()
#18 C:\Program Files\xampp\htdocs\framework\web\CWebApplication.php(141): CWebApplication->runController()
#19 C:\Program Files\xampp\htdocs\framework\base\CApplication.php(180): CWebApplication->processRequest()
#20 C:\Program Files\xampp\htdocs\ab\index.php(13): CWebApplication->run()
REQUEST_URI=/ab/index.php?r=abiturSpec/create
in C:\Program Files\xampp\htdocs\ab\protected\views\abiturSpec\_form.php (25)
in C:\Program Files\xampp\htdocs\ab\protected\views\abiturSpec\create.php (18)
in C:\Program Files\xampp\htdocs\ab\protected\controllers\AbiturSpecController.php (79)
2014/10/04 09:29:18 [error] [php] strpos() expects parameter 1 to be string, object given (C:\Program Files\xampp\htdocs\framework\web\helpers\CHtml.php:2477)
Stack trace:
#0 C:\Program Files\xampp\htdocs\framework\web\helpers\CHtml.php(1801): resolveNameID()
#1 C:\Program Files\xampp\htdocs\framework\web\widgets\CActiveForm.php(847): activeDropDownList()
#2 C:\Program Files\xampp\htdocs\ab\protected\views\abiturSpec\_form.php(25): CActiveForm->dropDownList()
#3 C:\Program Files\xampp\htdocs\framework\web\CBaseController.php(126): require()
#4 C:\Program Files\xampp\htdocs\framework\web\CBaseController.php(95): AbiturSpecController->renderInternal()
#5 C:\Program Files\xampp\htdocs\framework\web\CController.php(869): AbiturSpecController->renderFile()
#6 C:\Program Files\xampp\htdocs\ab\protected\views\abiturSpec\create.php(18): AbiturSpecController->renderPartial()
#7 C:\Program Files\xampp\htdocs\framework\web\CBaseController.php(126): require()
#8 C:\Program Files\xampp\htdocs\framework\web\CBaseController.php(95): AbiturSpecController->renderInternal()
#9 C:\Program Files\xampp\htdocs\framework\web\CController.php(869): AbiturSpecController->renderFile()
#10 C:\Program Files\xampp\htdocs\framework\web\CController.php(782): AbiturSpecController->renderPartial()
#11 C:\Program Files\xampp\htdocs\ab\protected\controllers\AbiturSpecController.php(79): AbiturSpecController->render()
#12 C:\Program Files\xampp\htdocs\framework\web\actions\CInlineAction.php(49): AbiturSpecController->actionCreate()
#13 C:\Program Files\xampp\htdocs\framework\web\CController.php(308): CInlineAction->runWithParams()
#14 C:\Program Files\xampp\htdocs\framework\web\filters\CFilterChain.php(133): AbiturSpecController->runAction()
#15 C:\Program Files\xampp\htdocs\framework\web\filters\CFilter.php(40): CFilterChain->run()
#16 C:\Program Files\xampp\htdocs\framework\web\CController.php(1145): CAccessControlFilter->filter()
#17 C:\Program Files\xampp\htdocs\framework\web\filters\CInlineFilter.php(58): AbiturSpecController->filterAccessControl()
#18 C:\Program Files\xampp\htdocs\framework\web\filters\CFilterChain.php(130): CInlineFilter->filter()
#19 C:\Program Files\xampp\htdocs\framework\web\CController.php(291): CFilterChain->run()
#20 C:\Program Files\xampp\htdocs\framework\web\CController.php(265): AbiturSpecController->runActionWithFilters()
#21 C:\Program Files\xampp\htdocs\framework\web\CWebApplication.php(282): AbiturSpecController->run()
#22 C:\Program Files\xampp\htdocs\framework\web\CWebApplication.php(141): CWebApplication->runController()
#23 C:\Program Files\xampp\htdocs\framework\base\CApplication.php(180): CWebApplication->processRequest()
#24 C:\Program Files\xampp\htdocs\ab\index.php(13): CWebApplication->run()
REQUEST_URI=/ab/index.php?r=abiturSpec/create
in C:\Program Files\xampp\htdocs\ab\protected\views\abiturSpec\_form.php (25)
in C:\Program Files\xampp\htdocs\ab\protected\views\abiturSpec\create.php (18)
in C:\Program Files\xampp\htdocs\ab\protected\controllers\AbiturSpecController.php (79)
2014/10/04 09:32:20 [error] [php] Trying to get property of non-object (C:\Program Files\xampp\htdocs\framework\web\helpers\CHtml.php:2529)
Stack trace:
#0 C:\Program Files\xampp\htdocs\ab\protected\views\abiturSpec\_form.php(25): CActiveForm->dropDownList()
#1 C:\Program Files\xampp\htdocs\framework\web\CBaseController.php(126): require()
#2 C:\Program Files\xampp\htdocs\framework\web\CBaseController.php(95): AbiturSpecController->renderInternal()
#3 C:\Program Files\xampp\htdocs\framework\web\CController.php(869): AbiturSpecController->renderFile()
#4 C:\Program Files\xampp\htdocs\ab\protected\views\abiturSpec\create.php(18): AbiturSpecController->renderPartial()
#5 C:\Program Files\xampp\htdocs\framework\web\CBaseController.php(126): require()
#6 C:\Program Files\xampp\htdocs\framework\web\CBaseController.php(95): AbiturSpecController->renderInternal()
#7 C:\Program Files\xampp\htdocs\framework\web\CController.php(869): AbiturSpecController->renderFile()
#8 C:\Program Files\xampp\htdocs\framework\web\CController.php(782): AbiturSpecController->renderPartial()
#9 C:\Program Files\xampp\htdocs\ab\protected\controllers\AbiturSpecController.php(79): AbiturSpecController->render()
#10 C:\Program Files\xampp\htdocs\framework\web\actions\CInlineAction.php(49): AbiturSpecController->actionCreate()
#11 C:\Program Files\xampp\htdocs\framework\web\CController.php(308): CInlineAction->runWithParams()
#12 C:\Program Files\xampp\htdocs\framework\web\filters\CFilterChain.php(133): AbiturSpecController->runAction()
#13 C:\Program Files\xampp\htdocs\framework\web\filters\CFilter.php(40): CFilterChain->run()
#14 C:\Program Files\xampp\htdocs\framework\web\CController.php(1145): CAccessControlFilter->filter()
#15 C:\Program Files\xampp\htdocs\framework\web\filters\CInlineFilter.php(58): AbiturSpecController->filterAccessControl()
#16 C:\Program Files\xampp\htdocs\framework\web\filters\CFilterChain.php(130): CInlineFilter->filter()
#17 C:\Program Files\xampp\htdocs\framework\web\CController.php(291): CFilterChain->run()
#18 C:\Program Files\xampp\htdocs\framework\web\CController.php(265): AbiturSpecController->runActionWithFilters()
#19 C:\Program Files\xampp\htdocs\framework\web\CWebApplication.php(282): AbiturSpecController->run()
#20 C:\Program Files\xampp\htdocs\framework\web\CWebApplication.php(141): CWebApplication->runController()
#21 C:\Program Files\xampp\htdocs\framework\base\CApplication.php(180): CWebApplication->processRequest()
#22 C:\Program Files\xampp\htdocs\ab\index.php(13): CWebApplication->run()
REQUEST_URI=/ab/index.php?r=abiturSpec/create
in C:\Program Files\xampp\htdocs\ab\protected\views\abiturSpec\_form.php (25)
in C:\Program Files\xampp\htdocs\ab\protected\views\abiturSpec\create.php (18)
in C:\Program Files\xampp\htdocs\ab\protected\controllers\AbiturSpecController.php (79)
2014/10/04 09:35:27 [error] [php] strpos() expects parameter 1 to be string, object given (C:\Program Files\xampp\htdocs\framework\web\helpers\CHtml.php:2477)
Stack trace:
#0 C:\Program Files\xampp\htdocs\framework\web\helpers\CHtml.php(1801): resolveNameID()
#1 C:\Program Files\xampp\htdocs\framework\web\widgets\CActiveForm.php(847): activeDropDownList()
#2 C:\Program Files\xampp\htdocs\ab\protected\views\abiturSpec\_form.php(25): CActiveForm->dropDownList()
#3 C:\Program Files\xampp\htdocs\framework\web\CBaseController.php(126): require()
#4 C:\Program Files\xampp\htdocs\framework\web\CBaseController.php(95): AbiturSpecController->renderInternal()
#5 C:\Program Files\xampp\htdocs\framework\web\CController.php(869): AbiturSpecController->renderFile()
#6 C:\Program Files\xampp\htdocs\ab\protected\views\abiturSpec\create.php(18): AbiturSpecController->renderPartial()
#7 C:\Program Files\xampp\htdocs\framework\web\CBaseController.php(126): require()
#8 C:\Program Files\xampp\htdocs\framework\web\CBaseController.php(95): AbiturSpecController->renderInternal()
#9 C:\Program Files\xampp\htdocs\framework\web\CController.php(869): AbiturSpecController->renderFile()
#10 C:\Program Files\xampp\htdocs\framework\web\CController.php(782): AbiturSpecController->renderPartial()
#11 C:\Program Files\xampp\htdocs\ab\protected\controllers\AbiturSpecController.php(79): AbiturSpecController->render()
#12 C:\Program Files\xampp\htdocs\framework\web\actions\CInlineAction.php(49): AbiturSpecController->actionCreate()
#13 C:\Program Files\xampp\htdocs\framework\web\CController.php(308): CInlineAction->runWithParams()
#14 C:\Program Files\xampp\htdocs\framework\web\filters\CFilterChain.php(133): AbiturSpecController->runAction()
#15 C:\Program Files\xampp\htdocs\framework\web\filters\CFilter.php(40): CFilterChain->run()
#16 C:\Program Files\xampp\htdocs\framework\web\CController.php(1145): CAccessControlFilter->filter()
#17 C:\Program Files\xampp\htdocs\framework\web\filters\CInlineFilter.php(58): AbiturSpecController->filterAccessControl()
#18 C:\Program Files\xampp\htdocs\framework\web\filters\CFilterChain.php(130): CInlineFilter->filter()
#19 C:\Program Files\xampp\htdocs\framework\web\CController.php(291): CFilterChain->run()
#20 C:\Program Files\xampp\htdocs\framework\web\CController.php(265): AbiturSpecController->runActionWithFilters()
#21 C:\Program Files\xampp\htdocs\framework\web\CWebApplication.php(282): AbiturSpecController->run()
#22 C:\Program Files\xampp\htdocs\framework\web\CWebApplication.php(141): CWebApplication->runController()
#23 C:\Program Files\xampp\htdocs\framework\base\CApplication.php(180): CWebApplication->processRequest()
#24 C:\Program Files\xampp\htdocs\ab\index.php(13): CWebApplication->run()
REQUEST_URI=/ab/index.php?r=abiturSpec/create
in C:\Program Files\xampp\htdocs\ab\protected\views\abiturSpec\_form.php (25)
in C:\Program Files\xampp\htdocs\ab\protected\views\abiturSpec\create.php (18)
in C:\Program Files\xampp\htdocs\ab\protected\controllers\AbiturSpecController.php (79)
2014/10/04 09:49:30 [error] [php] strpos() expects parameter 1 to be string, object given (C:\Program Files\xampp\htdocs\framework\web\helpers\CHtml.php:2477)
Stack trace:
#0 C:\Program Files\xampp\htdocs\framework\web\helpers\CHtml.php(1801): resolveNameID()
#1 C:\Program Files\xampp\htdocs\framework\web\widgets\CActiveForm.php(847): activeDropDownList()
#2 C:\Program Files\xampp\htdocs\ab\protected\views\abiturSpec\_form.php(25): CActiveForm->dropDownList()
#3 C:\Program Files\xampp\htdocs\framework\web\CBaseController.php(126): require()
#4 C:\Program Files\xampp\htdocs\framework\web\CBaseController.php(95): AbiturSpecController->renderInternal()
#5 C:\Program Files\xampp\htdocs\framework\web\CController.php(869): AbiturSpecController->renderFile()
#6 C:\Program Files\xampp\htdocs\ab\protected\views\abiturSpec\create.php(18): AbiturSpecController->renderPartial()
#7 C:\Program Files\xampp\htdocs\framework\web\CBaseController.php(126): require()
#8 C:\Program Files\xampp\htdocs\framework\web\CBaseController.php(95): AbiturSpecController->renderInternal()
#9 C:\Program Files\xampp\htdocs\framework\web\CController.php(869): AbiturSpecController->renderFile()
#10 C:\Program Files\xampp\htdocs\framework\web\CController.php(782): AbiturSpecController->renderPartial()
#11 C:\Program Files\xampp\htdocs\ab\protected\controllers\AbiturSpecController.php(79): AbiturSpecController->render()
#12 C:\Program Files\xampp\htdocs\framework\web\actions\CInlineAction.php(49): AbiturSpecController->actionCreate()
#13 C:\Program Files\xampp\htdocs\framework\web\CController.php(308): CInlineAction->runWithParams()
#14 C:\Program Files\xampp\htdocs\framework\web\filters\CFilterChain.php(133): AbiturSpecController->runAction()
#15 C:\Program Files\xampp\htdocs\framework\web\filters\CFilter.php(40): CFilterChain->run()
#16 C:\Program Files\xampp\htdocs\framework\web\CController.php(1145): CAccessControlFilter->filter()
#17 C:\Program Files\xampp\htdocs\framework\web\filters\CInlineFilter.php(58): AbiturSpecController->filterAccessControl()
#18 C:\Program Files\xampp\htdocs\framework\web\filters\CFilterChain.php(130): CInlineFilter->filter()
#19 C:\Program Files\xampp\htdocs\framework\web\CController.php(291): CFilterChain->run()
#20 C:\Program Files\xampp\htdocs\framework\web\CController.php(265): AbiturSpecController->runActionWithFilters()
#21 C:\Program Files\xampp\htdocs\framework\web\CWebApplication.php(282): AbiturSpecController->run()
#22 C:\Program Files\xampp\htdocs\framework\web\CWebApplication.php(141): CWebApplication->runController()
#23 C:\Program Files\xampp\htdocs\framework\base\CApplication.php(180): CWebApplication->processRequest()
#24 C:\Program Files\xampp\htdocs\ab\index.php(13): CWebApplication->run()
REQUEST_URI=/ab/index.php?r=abiturSpec/create
in C:\Program Files\xampp\htdocs\ab\protected\views\abiturSpec\_form.php (25)
in C:\Program Files\xampp\htdocs\ab\protected\views\abiturSpec\create.php (18)
in C:\Program Files\xampp\htdocs\ab\protected\controllers\AbiturSpecController.php (79)
2014/10/04 09:54:17 [error] [php] strpos() expects parameter 1 to be string, object given (C:\Program Files\xampp\htdocs\framework\web\helpers\CHtml.php:2477)
Stack trace:
#0 C:\Program Files\xampp\htdocs\framework\web\helpers\CHtml.php(1801): resolveNameID()
#1 C:\Program Files\xampp\htdocs\framework\web\widgets\CActiveForm.php(847): activeDropDownList()
#2 C:\Program Files\xampp\htdocs\ab\protected\views\abiturSpec\_form.php(25): CActiveForm->dropDownList()
#3 C:\Program Files\xampp\htdocs\framework\web\CBaseController.php(126): require()
#4 C:\Program Files\xampp\htdocs\framework\web\CBaseController.php(95): AbiturSpecController->renderInternal()
#5 C:\Program Files\xampp\htdocs\framework\web\CController.php(869): AbiturSpecController->renderFile()
#6 C:\Program Files\xampp\htdocs\ab\protected\views\abiturSpec\create.php(18): AbiturSpecController->renderPartial()
#7 C:\Program Files\xampp\htdocs\framework\web\CBaseController.php(126): require()
#8 C:\Program Files\xampp\htdocs\framework\web\CBaseController.php(95): AbiturSpecController->renderInternal()
#9 C:\Program Files\xampp\htdocs\framework\web\CController.php(869): AbiturSpecController->renderFile()
#10 C:\Program Files\xampp\htdocs\framework\web\CController.php(782): AbiturSpecController->renderPartial()
#11 C:\Program Files\xampp\htdocs\ab\protected\controllers\AbiturSpecController.php(79): AbiturSpecController->render()
#12 C:\Program Files\xampp\htdocs\framework\web\actions\CInlineAction.php(49): AbiturSpecController->actionCreate()
#13 C:\Program Files\xampp\htdocs\framework\web\CController.php(308): CInlineAction->runWithParams()
#14 C:\Program Files\xampp\htdocs\framework\web\filters\CFilterChain.php(133): AbiturSpecController->runAction()
#15 C:\Program Files\xampp\htdocs\framework\web\filters\CFilter.php(40): CFilterChain->run()
#16 C:\Program Files\xampp\htdocs\framework\web\CController.php(1145): CAccessControlFilter->filter()
#17 C:\Program Files\xampp\htdocs\framework\web\filters\CInlineFilter.php(58): AbiturSpecController->filterAccessControl()
#18 C:\Program Files\xampp\htdocs\framework\web\filters\CFilterChain.php(130): CInlineFilter->filter()
#19 C:\Program Files\xampp\htdocs\framework\web\CController.php(291): CFilterChain->run()
#20 C:\Program Files\xampp\htdocs\framework\web\CController.php(265): AbiturSpecController->runActionWithFilters()
#21 C:\Program Files\xampp\htdocs\framework\web\CWebApplication.php(282): AbiturSpecController->run()
#22 C:\Program Files\xampp\htdocs\framework\web\CWebApplication.php(141): CWebApplication->runController()
#23 C:\Program Files\xampp\htdocs\framework\base\CApplication.php(180): CWebApplication->processRequest()
#24 C:\Program Files\xampp\htdocs\ab\index.php(13): CWebApplication->run()
REQUEST_URI=/ab/index.php?r=abiturSpec/create
in C:\Program Files\xampp\htdocs\ab\protected\views\abiturSpec\_form.php (25)
in C:\Program Files\xampp\htdocs\ab\protected\views\abiturSpec\create.php (18)
in C:\Program Files\xampp\htdocs\ab\protected\controllers\AbiturSpecController.php (79)
2014/10/04 09:54:46 [error] [php] Trying to get property of non-object (C:\Program Files\xampp\htdocs\framework\web\helpers\CHtml.php:2529)
Stack trace:
#0 C:\Program Files\xampp\htdocs\ab\protected\views\abiturSpec\_form.php(25): CActiveForm->dropDownList()
#1 C:\Program Files\xampp\htdocs\framework\web\CBaseController.php(126): require()
#2 C:\Program Files\xampp\htdocs\framework\web\CBaseController.php(95): AbiturSpecController->renderInternal()
#3 C:\Program Files\xampp\htdocs\framework\web\CController.php(869): AbiturSpecController->renderFile()
#4 C:\Program Files\xampp\htdocs\ab\protected\views\abiturSpec\create.php(18): AbiturSpecController->renderPartial()
#5 C:\Program Files\xampp\htdocs\framework\web\CBaseController.php(126): require()
#6 C:\Program Files\xampp\htdocs\framework\web\CBaseController.php(95): AbiturSpecController->renderInternal()
#7 C:\Program Files\xampp\htdocs\framework\web\CController.php(869): AbiturSpecController->renderFile()
#8 C:\Program Files\xampp\htdocs\framework\web\CController.php(782): AbiturSpecController->renderPartial()
#9 C:\Program Files\xampp\htdocs\ab\protected\controllers\AbiturSpecController.php(79): AbiturSpecController->render()
#10 C:\Program Files\xampp\htdocs\framework\web\actions\CInlineAction.php(49): AbiturSpecController->actionCreate()
#11 C:\Program Files\xampp\htdocs\framework\web\CController.php(308): CInlineAction->runWithParams()
#12 C:\Program Files\xampp\htdocs\framework\web\filters\CFilterChain.php(133): AbiturSpecController->runAction()
#13 C:\Program Files\xampp\htdocs\framework\web\filters\CFilter.php(40): CFilterChain->run()
#14 C:\Program Files\xampp\htdocs\framework\web\CController.php(1145): CAccessControlFilter->filter()
#15 C:\Program Files\xampp\htdocs\framework\web\filters\CInlineFilter.php(58): AbiturSpecController->filterAccessControl()
#16 C:\Program Files\xampp\htdocs\framework\web\filters\CFilterChain.php(130): CInlineFilter->filter()
#17 C:\Program Files\xampp\htdocs\framework\web\CController.php(291): CFilterChain->run()
#18 C:\Program Files\xampp\htdocs\framework\web\CController.php(265): AbiturSpecController->runActionWithFilters()
#19 C:\Program Files\xampp\htdocs\framework\web\CWebApplication.php(282): AbiturSpecController->run()
#20 C:\Program Files\xampp\htdocs\framework\web\CWebApplication.php(141): CWebApplication->runController()
#21 C:\Program Files\xampp\htdocs\framework\base\CApplication.php(180): CWebApplication->processRequest()
#22 C:\Program Files\xampp\htdocs\ab\index.php(13): CWebApplication->run()
REQUEST_URI=/ab/index.php?r=abiturSpec/create
in C:\Program Files\xampp\htdocs\ab\protected\views\abiturSpec\_form.php (25)
in C:\Program Files\xampp\htdocs\ab\protected\views\abiturSpec\create.php (18)
in C:\Program Files\xampp\htdocs\ab\protected\controllers\AbiturSpecController.php (79)
2014/10/04 09:55:46 [error] [php] strpos() expects parameter 1 to be string, object given (C:\Program Files\xampp\htdocs\framework\web\helpers\CHtml.php:2477)
Stack trace:
#0 C:\Program Files\xampp\htdocs\framework\web\helpers\CHtml.php(1801): resolveNameID()
#1 C:\Program Files\xampp\htdocs\framework\web\widgets\CActiveForm.php(847): activeDropDownList()
#2 C:\Program Files\xampp\htdocs\ab\protected\views\abiturSpec\_form.php(25): CActiveForm->dropDownList()
#3 C:\Program Files\xampp\htdocs\framework\web\CBaseController.php(126): require()
#4 C:\Program Files\xampp\htdocs\framework\web\CBaseController.php(95): AbiturSpecController->renderInternal()
#5 C:\Program Files\xampp\htdocs\framework\web\CController.php(869): AbiturSpecController->renderFile()
#6 C:\Program Files\xampp\htdocs\ab\protected\views\abiturSpec\create.php(18): AbiturSpecController->renderPartial()
#7 C:\Program Files\xampp\htdocs\framework\web\CBaseController.php(126): require()
#8 C:\Program Files\xampp\htdocs\framework\web\CBaseController.php(95): AbiturSpecController->renderInternal()
#9 C:\Program Files\xampp\htdocs\framework\web\CController.php(869): AbiturSpecController->renderFile()
#10 C:\Program Files\xampp\htdocs\framework\web\CController.php(782): AbiturSpecController->renderPartial()
#11 C:\Program Files\xampp\htdocs\ab\protected\controllers\AbiturSpecController.php(79): AbiturSpecController->render()
#12 C:\Program Files\xampp\htdocs\framework\web\actions\CInlineAction.php(49): AbiturSpecController->actionCreate()
#13 C:\Program Files\xampp\htdocs\framework\web\CController.php(308): CInlineAction->runWithParams()
#14 C:\Program Files\xampp\htdocs\framework\web\filters\CFilterChain.php(133): AbiturSpecController->runAction()
#15 C:\Program Files\xampp\htdocs\framework\web\filters\CFilter.php(40): CFilterChain->run()
#16 C:\Program Files\xampp\htdocs\framework\web\CController.php(1145): CAccessControlFilter->filter()
#17 C:\Program Files\xampp\htdocs\framework\web\filters\CInlineFilter.php(58): AbiturSpecController->filterAccessControl()
#18 C:\Program Files\xampp\htdocs\framework\web\filters\CFilterChain.php(130): CInlineFilter->filter()
#19 C:\Program Files\xampp\htdocs\framework\web\CController.php(291): CFilterChain->run()
#20 C:\Program Files\xampp\htdocs\framework\web\CController.php(265): AbiturSpecController->runActionWithFilters()
#21 C:\Program Files\xampp\htdocs\framework\web\CWebApplication.php(282): AbiturSpecController->run()
#22 C:\Program Files\xampp\htdocs\framework\web\CWebApplication.php(141): CWebApplication->runController()
#23 C:\Program Files\xampp\htdocs\framework\base\CApplication.php(180): CWebApplication->processRequest()
#24 C:\Program Files\xampp\htdocs\ab\index.php(13): CWebApplication->run()
REQUEST_URI=/ab/index.php?r=abiturSpec/create
in C:\Program Files\xampp\htdocs\ab\protected\views\abiturSpec\_form.php (25)
in C:\Program Files\xampp\htdocs\ab\protected\views\abiturSpec\create.php (18)
in C:\Program Files\xampp\htdocs\ab\protected\controllers\AbiturSpecController.php (79)
2014/10/04 09:56:38 [error] [php] strpos() expects parameter 1 to be string, object given (C:\Program Files\xampp\htdocs\framework\web\helpers\CHtml.php:2477)
Stack trace:
#0 C:\Program Files\xampp\htdocs\framework\web\helpers\CHtml.php(1801): resolveNameID()
#1 C:\Program Files\xampp\htdocs\framework\web\widgets\CActiveForm.php(847): activeDropDownList()
#2 C:\Program Files\xampp\htdocs\ab\protected\views\abiturSpec\_form.php(25): CActiveForm->dropDownList()
#3 C:\Program Files\xampp\htdocs\framework\web\CBaseController.php(126): require()
#4 C:\Program Files\xampp\htdocs\framework\web\CBaseController.php(95): AbiturSpecController->renderInternal()
#5 C:\Program Files\xampp\htdocs\framework\web\CController.php(869): AbiturSpecController->renderFile()
#6 C:\Program Files\xampp\htdocs\ab\protected\views\abiturSpec\create.php(18): AbiturSpecController->renderPartial()
#7 C:\Program Files\xampp\htdocs\framework\web\CBaseController.php(126): require()
#8 C:\Program Files\xampp\htdocs\framework\web\CBaseController.php(95): AbiturSpecController->renderInternal()
#9 C:\Program Files\xampp\htdocs\framework\web\CController.php(869): AbiturSpecController->renderFile()
#10 C:\Program Files\xampp\htdocs\framework\web\CController.php(782): AbiturSpecController->renderPartial()
#11 C:\Program Files\xampp\htdocs\ab\protected\controllers\AbiturSpecController.php(79): AbiturSpecController->render()
#12 C:\Program Files\xampp\htdocs\framework\web\actions\CInlineAction.php(49): AbiturSpecController->actionCreate()
#13 C:\Program Files\xampp\htdocs\framework\web\CController.php(308): CInlineAction->runWithParams()
#14 C:\Program Files\xampp\htdocs\framework\web\filters\CFilterChain.php(133): AbiturSpecController->runAction()
#15 C:\Program Files\xampp\htdocs\framework\web\filters\CFilter.php(40): CFilterChain->run()
#16 C:\Program Files\xampp\htdocs\framework\web\CController.php(1145): CAccessControlFilter->filter()
#17 C:\Program Files\xampp\htdocs\framework\web\filters\CInlineFilter.php(58): AbiturSpecController->filterAccessControl()
#18 C:\Program Files\xampp\htdocs\framework\web\filters\CFilterChain.php(130): CInlineFilter->filter()
#19 C:\Program Files\xampp\htdocs\framework\web\CController.php(291): CFilterChain->run()
#20 C:\Program Files\xampp\htdocs\framework\web\CController.php(265): AbiturSpecController->runActionWithFilters()
#21 C:\Program Files\xampp\htdocs\framework\web\CWebApplication.php(282): AbiturSpecController->run()
#22 C:\Program Files\xampp\htdocs\framework\web\CWebApplication.php(141): CWebApplication->runController()
#23 C:\Program Files\xampp\htdocs\framework\base\CApplication.php(180): CWebApplication->processRequest()
#24 C:\Program Files\xampp\htdocs\ab\index.php(13): CWebApplication->run()
REQUEST_URI=/ab/index.php?r=abiturSpec/create
in C:\Program Files\xampp\htdocs\ab\protected\views\abiturSpec\_form.php (25)
in C:\Program Files\xampp\htdocs\ab\protected\views\abiturSpec\create.php (18)
in C:\Program Files\xampp\htdocs\ab\protected\controllers\AbiturSpecController.php (79)
2014/10/04 09:56:52 [error] [php] strpos() expects parameter 1 to be string, object given (C:\Program Files\xampp\htdocs\framework\web\helpers\CHtml.php:2477)
Stack trace:
#0 C:\Program Files\xampp\htdocs\framework\web\helpers\CHtml.php(1801): resolveNameID()
#1 C:\Program Files\xampp\htdocs\framework\web\widgets\CActiveForm.php(847): activeDropDownList()
#2 C:\Program Files\xampp\htdocs\ab\protected\views\abiturSpec\_form.php(25): CActiveForm->dropDownList()
#3 C:\Program Files\xampp\htdocs\framework\web\CBaseController.php(126): require()
#4 C:\Program Files\xampp\htdocs\framework\web\CBaseController.php(95): AbiturSpecController->renderInternal()
#5 C:\Program Files\xampp\htdocs\framework\web\CController.php(869): AbiturSpecController->renderFile()
#6 C:\Program Files\xampp\htdocs\ab\protected\views\abiturSpec\create.php(18): AbiturSpecController->renderPartial()
#7 C:\Program Files\xampp\htdocs\framework\web\CBaseController.php(126): require()
#8 C:\Program Files\xampp\htdocs\framework\web\CBaseController.php(95): AbiturSpecController->renderInternal()
#9 C:\Program Files\xampp\htdocs\framework\web\CController.php(869): AbiturSpecController->renderFile()
#10 C:\Program Files\xampp\htdocs\framework\web\CController.php(782): AbiturSpecController->renderPartial()
#11 C:\Program Files\xampp\htdocs\ab\protected\controllers\AbiturSpecController.php(79): AbiturSpecController->render()
#12 C:\Program Files\xampp\htdocs\framework\web\actions\CInlineAction.php(49): AbiturSpecController->actionCreate()
#13 C:\Program Files\xampp\htdocs\framework\web\CController.php(308): CInlineAction->runWithParams()
#14 C:\Program Files\xampp\htdocs\framework\web\filters\CFilterChain.php(133): AbiturSpecController->runAction()
#15 C:\Program Files\xampp\htdocs\framework\web\filters\CFilter.php(40): CFilterChain->run()
#16 C:\Program Files\xampp\htdocs\framework\web\CController.php(1145): CAccessControlFilter->filter()
#17 C:\Program Files\xampp\htdocs\framework\web\filters\CInlineFilter.php(58): AbiturSpecController->filterAccessControl()
#18 C:\Program Files\xampp\htdocs\framework\web\filters\CFilterChain.php(130): CInlineFilter->filter()
#19 C:\Program Files\xampp\htdocs\framework\web\CController.php(291): CFilterChain->run()
#20 C:\Program Files\xampp\htdocs\framework\web\CController.php(265): AbiturSpecController->runActionWithFilters()
#21 C:\Program Files\xampp\htdocs\framework\web\CWebApplication.php(282): AbiturSpecController->run()
#22 C:\Program Files\xampp\htdocs\framework\web\CWebApplication.php(141): CWebApplication->runController()
#23 C:\Program Files\xampp\htdocs\framework\base\CApplication.php(180): CWebApplication->processRequest()
#24 C:\Program Files\xampp\htdocs\ab\index.php(13): CWebApplication->run()
REQUEST_URI=/ab/index.php?r=abiturSpec/create
in C:\Program Files\xampp\htdocs\ab\protected\views\abiturSpec\_form.php (25)
in C:\Program Files\xampp\htdocs\ab\protected\views\abiturSpec\create.php (18)
in C:\Program Files\xampp\htdocs\ab\protected\controllers\AbiturSpecController.php (79)
2014/10/04 09:57:53 [error] [php] strpos() expects parameter 1 to be string, object given (C:\Program Files\xampp\htdocs\framework\web\helpers\CHtml.php:2477)
Stack trace:
#0 C:\Program Files\xampp\htdocs\framework\web\helpers\CHtml.php(1801): resolveNameID()
#1 C:\Program Files\xampp\htdocs\framework\web\widgets\CActiveForm.php(847): activeDropDownList()
#2 C:\Program Files\xampp\htdocs\ab\protected\views\abiturSpec\_form.php(25): CActiveForm->dropDownList()
#3 C:\Program Files\xampp\htdocs\framework\web\CBaseController.php(126): require()
#4 C:\Program Files\xampp\htdocs\framework\web\CBaseController.php(95): AbiturSpecController->renderInternal()
#5 C:\Program Files\xampp\htdocs\framework\web\CController.php(869): AbiturSpecController->renderFile()
#6 C:\Program Files\xampp\htdocs\ab\protected\views\abiturSpec\create.php(18): AbiturSpecController->renderPartial()
#7 C:\Program Files\xampp\htdocs\framework\web\CBaseController.php(126): require()
#8 C:\Program Files\xampp\htdocs\framework\web\CBaseController.php(95): AbiturSpecController->renderInternal()
#9 C:\Program Files\xampp\htdocs\framework\web\CController.php(869): AbiturSpecController->renderFile()
#10 C:\Program Files\xampp\htdocs\framework\web\CController.php(782): AbiturSpecController->renderPartial()
#11 C:\Program Files\xampp\htdocs\ab\protected\controllers\AbiturSpecController.php(79): AbiturSpecController->render()
#12 C:\Program Files\xampp\htdocs\framework\web\actions\CInlineAction.php(49): AbiturSpecController->actionCreate()
#13 C:\Program Files\xampp\htdocs\framework\web\CController.php(308): CInlineAction->runWithParams()
#14 C:\Program Files\xampp\htdocs\framework\web\filters\CFilterChain.php(133): AbiturSpecController->runAction()
#15 C:\Program Files\xampp\htdocs\framework\web\filters\CFilter.php(40): CFilterChain->run()
#16 C:\Program Files\xampp\htdocs\framework\web\CController.php(1145): CAccessControlFilter->filter()
#17 C:\Program Files\xampp\htdocs\framework\web\filters\CInlineFilter.php(58): AbiturSpecController->filterAccessControl()
#18 C:\Program Files\xampp\htdocs\framework\web\filters\CFilterChain.php(130): CInlineFilter->filter()
#19 C:\Program Files\xampp\htdocs\framework\web\CController.php(291): CFilterChain->run()
#20 C:\Program Files\xampp\htdocs\framework\web\CController.php(265): AbiturSpecController->runActionWithFilters()
#21 C:\Program Files\xampp\htdocs\framework\web\CWebApplication.php(282): AbiturSpecController->run()
#22 C:\Program Files\xampp\htdocs\framework\web\CWebApplication.php(141): CWebApplication->runController()
#23 C:\Program Files\xampp\htdocs\framework\base\CApplication.php(180): CWebApplication->processRequest()
#24 C:\Program Files\xampp\htdocs\ab\index.php(13): CWebApplication->run()
REQUEST_URI=/ab/index.php?r=abiturSpec/create
in C:\Program Files\xampp\htdocs\ab\protected\views\abiturSpec\_form.php (25)
in C:\Program Files\xampp\htdocs\ab\protected\views\abiturSpec\create.php (18)
in C:\Program Files\xampp\htdocs\ab\protected\controllers\AbiturSpecController.php (79)
2014/10/04 09:58:00 [error] [php] strpos() expects parameter 1 to be string, object given (C:\Program Files\xampp\htdocs\framework\web\helpers\CHtml.php:2477)
Stack trace:
#0 C:\Program Files\xampp\htdocs\framework\web\helpers\CHtml.php(1801): resolveNameID()
#1 C:\Program Files\xampp\htdocs\framework\web\widgets\CActiveForm.php(847): activeDropDownList()
#2 C:\Program Files\xampp\htdocs\ab\protected\views\abiturSpec\_form.php(25): CActiveForm->dropDownList()
#3 C:\Program Files\xampp\htdocs\framework\web\CBaseController.php(126): require()
#4 C:\Program Files\xampp\htdocs\framework\web\CBaseController.php(95): AbiturSpecController->renderInternal()
#5 C:\Program Files\xampp\htdocs\framework\web\CController.php(869): AbiturSpecController->renderFile()
#6 C:\Program Files\xampp\htdocs\ab\protected\views\abiturSpec\create.php(18): AbiturSpecController->renderPartial()
#7 C:\Program Files\xampp\htdocs\framework\web\CBaseController.php(126): require()
#8 C:\Program Files\xampp\htdocs\framework\web\CBaseController.php(95): AbiturSpecController->renderInternal()
#9 C:\Program Files\xampp\htdocs\framework\web\CController.php(869): AbiturSpecController->renderFile()
#10 C:\Program Files\xampp\htdocs\framework\web\CController.php(782): AbiturSpecController->renderPartial()
#11 C:\Program Files\xampp\htdocs\ab\protected\controllers\AbiturSpecController.php(79): AbiturSpecController->render()
#12 C:\Program Files\xampp\htdocs\framework\web\actions\CInlineAction.php(49): AbiturSpecController->actionCreate()
#13 C:\Program Files\xampp\htdocs\framework\web\CController.php(308): CInlineAction->runWithParams()
#14 C:\Program Files\xampp\htdocs\framework\web\filters\CFilterChain.php(133): AbiturSpecController->runAction()
#15 C:\Program Files\xampp\htdocs\framework\web\filters\CFilter.php(40): CFilterChain->run()
#16 C:\Program Files\xampp\htdocs\framework\web\CController.php(1145): CAccessControlFilter->filter()
#17 C:\Program Files\xampp\htdocs\framework\web\filters\CInlineFilter.php(58): AbiturSpecController->filterAccessControl()
#18 C:\Program Files\xampp\htdocs\framework\web\filters\CFilterChain.php(130): CInlineFilter->filter()
#19 C:\Program Files\xampp\htdocs\framework\web\CController.php(291): CFilterChain->run()
#20 C:\Program Files\xampp\htdocs\framework\web\CController.php(265): AbiturSpecController->runActionWithFilters()
#21 C:\Program Files\xampp\htdocs\framework\web\CWebApplication.php(282): AbiturSpecController->run()
#22 C:\Program Files\xampp\htdocs\framework\web\CWebApplication.php(141): CWebApplication->runController()
#23 C:\Program Files\xampp\htdocs\framework\base\CApplication.php(180): CWebApplication->processRequest()
#24 C:\Program Files\xampp\htdocs\ab\index.php(13): CWebApplication->run()
REQUEST_URI=/ab/index.php?r=abiturSpec/create
in C:\Program Files\xampp\htdocs\ab\protected\views\abiturSpec\_form.php (25)
in C:\Program Files\xampp\htdocs\ab\protected\views\abiturSpec\create.php (18)
in C:\Program Files\xampp\htdocs\ab\protected\controllers\AbiturSpecController.php (79)
2014/10/04 10:16:36 [error] [php] Undefined variable: data (C:\Program Files\xampp\htdocs\ab\protected\views\abiturSpec\view.php:39)
Stack trace:
#0 C:\Program Files\xampp\htdocs\framework\web\CController.php(869): AbiturSpecController->renderFile()
#1 C:\Program Files\xampp\htdocs\framework\web\CController.php(782): AbiturSpecController->renderPartial()
#2 C:\Program Files\xampp\htdocs\ab\protected\controllers\AbiturSpecController.php(56): AbiturSpecController->render()
#3 unknown(0): AbiturSpecController->actionView()
#4 C:\Program Files\xampp\htdocs\framework\web\actions\CAction.php(108): ReflectionMethod->invokeArgs()
#5 C:\Program Files\xampp\htdocs\framework\web\actions\CInlineAction.php(47): CInlineAction->runWithParamsInternal()
#6 C:\Program Files\xampp\htdocs\framework\web\CController.php(308): CInlineAction->runWithParams()
#7 C:\Program Files\xampp\htdocs\framework\web\filters\CFilterChain.php(133): AbiturSpecController->runAction()
#8 C:\Program Files\xampp\htdocs\framework\web\filters\CFilter.php(40): CFilterChain->run()
#9 C:\Program Files\xampp\htdocs\framework\web\CController.php(1145): CAccessControlFilter->filter()
#10 C:\Program Files\xampp\htdocs\framework\web\filters\CInlineFilter.php(58): AbiturSpecController->filterAccessControl()
#11 C:\Program Files\xampp\htdocs\framework\web\filters\CFilterChain.php(130): CInlineFilter->filter()
#12 C:\Program Files\xampp\htdocs\framework\web\CController.php(291): CFilterChain->run()
#13 C:\Program Files\xampp\htdocs\framework\web\CController.php(265): AbiturSpecController->runActionWithFilters()
#14 C:\Program Files\xampp\htdocs\framework\web\CWebApplication.php(282): AbiturSpecController->run()
#15 C:\Program Files\xampp\htdocs\framework\web\CWebApplication.php(141): CWebApplication->runController()
#16 C:\Program Files\xampp\htdocs\framework\base\CApplication.php(180): CWebApplication->processRequest()
#17 C:\Program Files\xampp\htdocs\ab\index.php(13): CWebApplication->run()
REQUEST_URI=/ab/index.php?r=abiturSpec/view&id=1
in C:\Program Files\xampp\htdocs\ab\protected\views\abiturSpec\view.php (39)
in C:\Program Files\xampp\htdocs\ab\protected\controllers\AbiturSpecController.php (56)
in C:\Program Files\xampp\htdocs\ab\index.php (13)
2014/10/04 10:35:05 [error] [php] strpos() expects parameter 1 to be string, object given (C:\Program Files\xampp\htdocs\framework\web\helpers\CHtml.php:2477)
Stack trace:
#0 C:\Program Files\xampp\htdocs\framework\web\helpers\CHtml.php(1801): resolveNameID()
#1 C:\Program Files\xampp\htdocs\framework\web\widgets\CActiveForm.php(847): activeDropDownList()
#2 C:\Program Files\xampp\htdocs\ab\protected\views\abiturSpec\_form.php(24): CActiveForm->dropDownList()
#3 C:\Program Files\xampp\htdocs\framework\web\CBaseController.php(126): require()
#4 C:\Program Files\xampp\htdocs\framework\web\CBaseController.php(95): AbiturSpecController->renderInternal()
#5 C:\Program Files\xampp\htdocs\framework\web\CController.php(869): AbiturSpecController->renderFile()
#6 C:\Program Files\xampp\htdocs\ab\protected\views\abiturSpec\update.php(21): AbiturSpecController->renderPartial()
#7 C:\Program Files\xampp\htdocs\framework\web\CBaseController.php(126): require()
#8 C:\Program Files\xampp\htdocs\framework\web\CBaseController.php(95): AbiturSpecController->renderInternal()
#9 C:\Program Files\xampp\htdocs\framework\web\CController.php(869): AbiturSpecController->renderFile()
#10 C:\Program Files\xampp\htdocs\framework\web\CController.php(782): AbiturSpecController->renderPartial()
#11 C:\Program Files\xampp\htdocs\ab\protected\controllers\AbiturSpecController.php(103): AbiturSpecController->render()
#12 unknown(0): AbiturSpecController->actionUpdate()
#13 C:\Program Files\xampp\htdocs\framework\web\actions\CAction.php(108): ReflectionMethod->invokeArgs()
#14 C:\Program Files\xampp\htdocs\framework\web\actions\CInlineAction.php(47): CInlineAction->runWithParamsInternal()
#15 C:\Program Files\xampp\htdocs\framework\web\CController.php(308): CInlineAction->runWithParams()
#16 C:\Program Files\xampp\htdocs\framework\web\filters\CFilterChain.php(133): AbiturSpecController->runAction()
#17 C:\Program Files\xampp\htdocs\framework\web\filters\CFilter.php(40): CFilterChain->run()
#18 C:\Program Files\xampp\htdocs\framework\web\CController.php(1145): CAccessControlFilter->filter()
#19 C:\Program Files\xampp\htdocs\framework\web\filters\CInlineFilter.php(58): AbiturSpecController->filterAccessControl()
#20 C:\Program Files\xampp\htdocs\framework\web\filters\CFilterChain.php(130): CInlineFilter->filter()
#21 C:\Program Files\xampp\htdocs\framework\web\CController.php(291): CFilterChain->run()
#22 C:\Program Files\xampp\htdocs\framework\web\CController.php(265): AbiturSpecController->runActionWithFilters()
#23 C:\Program Files\xampp\htdocs\framework\web\CWebApplication.php(282): AbiturSpecController->run()
#24 C:\Program Files\xampp\htdocs\framework\web\CWebApplication.php(141): CWebApplication->runController()
#25 C:\Program Files\xampp\htdocs\framework\base\CApplication.php(180): CWebApplication->processRequest()
#26 C:\Program Files\xampp\htdocs\ab\index.php(13): CWebApplication->run()
REQUEST_URI=/ab/index.php?r=abiturSpec/update&id=2
in C:\Program Files\xampp\htdocs\ab\protected\views\abiturSpec\_form.php (24)
in C:\Program Files\xampp\htdocs\ab\protected\views\abiturSpec\update.php (21)
in C:\Program Files\xampp\htdocs\ab\protected\controllers\AbiturSpecController.php (103)
2014/10/04 10:39:35 [error] [php] strpos() expects parameter 1 to be string, object given (C:\Program Files\xampp\htdocs\framework\web\helpers\CHtml.php:2477)
Stack trace:
#0 C:\Program Files\xampp\htdocs\framework\web\helpers\CHtml.php(1801): resolveNameID()
#1 C:\Program Files\xampp\htdocs\framework\web\widgets\CActiveForm.php(847): activeDropDownList()
#2 C:\Program Files\xampp\htdocs\ab\protected\views\abiturSpec\_form.php(24): CActiveForm->dropDownList()
#3 C:\Program Files\xampp\htdocs\framework\web\CBaseController.php(126): require()
#4 C:\Program Files\xampp\htdocs\framework\web\CBaseController.php(95): AbiturSpecController->renderInternal()
#5 C:\Program Files\xampp\htdocs\framework\web\CController.php(869): AbiturSpecController->renderFile()
#6 C:\Program Files\xampp\htdocs\ab\protected\views\abiturSpec\update.php(21): AbiturSpecController->renderPartial()
#7 C:\Program Files\xampp\htdocs\framework\web\CBaseController.php(126): require()
#8 C:\Program Files\xampp\htdocs\framework\web\CBaseController.php(95): AbiturSpecController->renderInternal()
#9 C:\Program Files\xampp\htdocs\framework\web\CController.php(869): AbiturSpecController->renderFile()
#10 C:\Program Files\xampp\htdocs\framework\web\CController.php(782): AbiturSpecController->renderPartial()
#11 C:\Program Files\xampp\htdocs\ab\protected\controllers\AbiturSpecController.php(103): AbiturSpecController->render()
#12 unknown(0): AbiturSpecController->actionUpdate()
#13 C:\Program Files\xampp\htdocs\framework\web\actions\CAction.php(108): ReflectionMethod->invokeArgs()
#14 C:\Program Files\xampp\htdocs\framework\web\actions\CInlineAction.php(47): CInlineAction->runWithParamsInternal()
#15 C:\Program Files\xampp\htdocs\framework\web\CController.php(308): CInlineAction->runWithParams()
#16 C:\Program Files\xampp\htdocs\framework\web\filters\CFilterChain.php(133): AbiturSpecController->runAction()
#17 C:\Program Files\xampp\htdocs\framework\web\filters\CFilter.php(40): CFilterChain->run()
#18 C:\Program Files\xampp\htdocs\framework\web\CController.php(1145): CAccessControlFilter->filter()
#19 C:\Program Files\xampp\htdocs\framework\web\filters\CInlineFilter.php(58): AbiturSpecController->filterAccessControl()
#20 C:\Program Files\xampp\htdocs\framework\web\filters\CFilterChain.php(130): CInlineFilter->filter()
#21 C:\Program Files\xampp\htdocs\framework\web\CController.php(291): CFilterChain->run()
#22 C:\Program Files\xampp\htdocs\framework\web\CController.php(265): AbiturSpecController->runActionWithFilters()
#23 C:\Program Files\xampp\htdocs\framework\web\CWebApplication.php(282): AbiturSpecController->run()
#24 C:\Program Files\xampp\htdocs\framework\web\CWebApplication.php(141): CWebApplication->runController()
#25 C:\Program Files\xampp\htdocs\framework\base\CApplication.php(180): CWebApplication->processRequest()
#26 C:\Program Files\xampp\htdocs\ab\index.php(13): CWebApplication->run()
REQUEST_URI=/ab/index.php?r=abiturSpec/update&id=2
in C:\Program Files\xampp\htdocs\ab\protected\views\abiturSpec\_form.php (24)
in C:\Program Files\xampp\htdocs\ab\protected\views\abiturSpec\update.php (21)
in C:\Program Files\xampp\htdocs\ab\protected\controllers\AbiturSpecController.php (103)
2014/10/04 10:44:09 [error] [php] Trying to get property of non-object (C:\Program Files\xampp\htdocs\framework\web\helpers\CHtml.php:2529)
Stack trace:
#0 C:\Program Files\xampp\htdocs\ab\protected\views\abiturSpec\_form.php(24): CActiveForm->dropDownList()
#1 C:\Program Files\xampp\htdocs\framework\web\CBaseController.php(126): require()
#2 C:\Program Files\xampp\htdocs\framework\web\CBaseController.php(95): AbiturSpecController->renderInternal()
#3 C:\Program Files\xampp\htdocs\framework\web\CController.php(869): AbiturSpecController->renderFile()
#4 C:\Program Files\xampp\htdocs\ab\protected\views\abiturSpec\update.php(21): AbiturSpecController->renderPartial()
#5 C:\Program Files\xampp\htdocs\framework\web\CBaseController.php(126): require()
#6 C:\Program Files\xampp\htdocs\framework\web\CBaseController.php(95): AbiturSpecController->renderInternal()
#7 C:\Program Files\xampp\htdocs\framework\web\CController.php(869): AbiturSpecController->renderFile()
#8 C:\Program Files\xampp\htdocs\framework\web\CController.php(782): AbiturSpecController->renderPartial()
#9 C:\Program Files\xampp\htdocs\ab\protected\controllers\AbiturSpecController.php(103): AbiturSpecController->render()
#10 unknown(0): AbiturSpecController->actionUpdate()
#11 C:\Program Files\xampp\htdocs\framework\web\actions\CAction.php(108): ReflectionMethod->invokeArgs()
#12 C:\Program Files\xampp\htdocs\framework\web\actions\CInlineAction.php(47): CInlineAction->runWithParamsInternal()
#13 C:\Program Files\xampp\htdocs\framework\web\CController.php(308): CInlineAction->runWithParams()
#14 C:\Program Files\xampp\htdocs\framework\web\filters\CFilterChain.php(133): AbiturSpecController->runAction()
#15 C:\Program Files\xampp\htdocs\framework\web\filters\CFilter.php(40): CFilterChain->run()
#16 C:\Program Files\xampp\htdocs\framework\web\CController.php(1145): CAccessControlFilter->filter()
#17 C:\Program Files\xampp\htdocs\framework\web\filters\CInlineFilter.php(58): AbiturSpecController->filterAccessControl()
#18 C:\Program Files\xampp\htdocs\framework\web\filters\CFilterChain.php(130): CInlineFilter->filter()
#19 C:\Program Files\xampp\htdocs\framework\web\CController.php(291): CFilterChain->run()
#20 C:\Program Files\xampp\htdocs\framework\web\CController.php(265): AbiturSpecController->runActionWithFilters()
#21 C:\Program Files\xampp\htdocs\framework\web\CWebApplication.php(282): AbiturSpecController->run()
#22 C:\Program Files\xampp\htdocs\framework\web\CWebApplication.php(141): CWebApplication->runController()
#23 C:\Program Files\xampp\htdocs\framework\base\CApplication.php(180): CWebApplication->processRequest()
#24 C:\Program Files\xampp\htdocs\ab\index.php(13): CWebApplication->run()
REQUEST_URI=/ab/index.php?r=abiturSpec/update&id=1
in C:\Program Files\xampp\htdocs\ab\protected\views\abiturSpec\_form.php (24)
in C:\Program Files\xampp\htdocs\ab\protected\views\abiturSpec\update.php (21)
in C:\Program Files\xampp\htdocs\ab\protected\controllers\AbiturSpecController.php (103)
2014/10/04 10:56:50 [error] [php] Undefined variable: list (C:\Program Files\xampp\htdocs\ab\protected\views\abiturSpec\_form.php:24)
Stack trace:
#0 C:\Program Files\xampp\htdocs\framework\web\CController.php(869): AbiturSpecController->renderFile()
#1 C:\Program Files\xampp\htdocs\ab\protected\views\abiturSpec\update.php(21): AbiturSpecController->renderPartial()
#2 C:\Program Files\xampp\htdocs\framework\web\CBaseController.php(126): require()
#3 C:\Program Files\xampp\htdocs\framework\web\CBaseController.php(95): AbiturSpecController->renderInternal()
#4 C:\Program Files\xampp\htdocs\framework\web\CController.php(869): AbiturSpecController->renderFile()
#5 C:\Program Files\xampp\htdocs\framework\web\CController.php(782): AbiturSpecController->renderPartial()
#6 C:\Program Files\xampp\htdocs\ab\protected\controllers\AbiturSpecController.php(103): AbiturSpecController->render()
#7 unknown(0): AbiturSpecController->actionUpdate()
#8 C:\Program Files\xampp\htdocs\framework\web\actions\CAction.php(108): ReflectionMethod->invokeArgs()
#9 C:\Program Files\xampp\htdocs\framework\web\actions\CInlineAction.php(47): CInlineAction->runWithParamsInternal()
#10 C:\Program Files\xampp\htdocs\framework\web\CController.php(308): CInlineAction->runWithParams()
#11 C:\Program Files\xampp\htdocs\framework\web\filters\CFilterChain.php(133): AbiturSpecController->runAction()
#12 C:\Program Files\xampp\htdocs\framework\web\filters\CFilter.php(40): CFilterChain->run()
#13 C:\Program Files\xampp\htdocs\framework\web\CController.php(1145): CAccessControlFilter->filter()
#14 C:\Program Files\xampp\htdocs\framework\web\filters\CInlineFilter.php(58): AbiturSpecController->filterAccessControl()
#15 C:\Program Files\xampp\htdocs\framework\web\filters\CFilterChain.php(130): CInlineFilter->filter()
#16 C:\Program Files\xampp\htdocs\framework\web\CController.php(291): CFilterChain->run()
#17 C:\Program Files\xampp\htdocs\framework\web\CController.php(265): AbiturSpecController->runActionWithFilters()
#18 C:\Program Files\xampp\htdocs\framework\web\CWebApplication.php(282): AbiturSpecController->run()
#19 C:\Program Files\xampp\htdocs\framework\web\CWebApplication.php(141): CWebApplication->runController()
#20 C:\Program Files\xampp\htdocs\framework\base\CApplication.php(180): CWebApplication->processRequest()
#21 C:\Program Files\xampp\htdocs\ab\index.php(13): CWebApplication->run()
REQUEST_URI=/ab/index.php?r=abiturSpec/update&id=1
in C:\Program Files\xampp\htdocs\ab\protected\views\abiturSpec\_form.php (24)
in C:\Program Files\xampp\htdocs\ab\protected\views\abiturSpec\update.php (21)
in C:\Program Files\xampp\htdocs\ab\protected\controllers\AbiturSpecController.php (103)
